#-----------------------------------------------------------
# Vivado v2020.1 (64-bit)
# SW Build 2902540 on Wed May 27 19:54:49 MDT 2020
# IP Build 2902112 on Wed May 27 22:43:36 MDT 2020
# Start of session at: Wed Jun 23 16:20:35 2021
# Process ID: 11480
# Current directory: C:/Users/Victorious/Desktop/VHDL/M21414_CW1_T03_M3
# Command line: vivado.exe -gui_launcher_event rodinguilauncherevent19448 C:\Users\Victorious\Desktop\VHDL\M21414_CW1_T03_M3\M21414_CW1_T03_M3.xpr
# Log file: C:/Users/Victorious/Desktop/VHDL/M21414_CW1_T03_M3/vivado.log
# Journal file: C:/Users/Victorious/Desktop/VHDL/M21414_CW1_T03_M3\vivado.jou
#-----------------------------------------------------------
start_gui
open_project C:/Users/Victorious/Desktop/VHDL/M21414_CW1_T03_M3/M21414_CW1_T03_M3.xpr
INFO: [Project 1-313] Project file moved from 'C:/Users/Victorious/Desktop/m3/M21414_CW1_T03_M3' since last save.
Scanning sources...
Finished scanning sources
INFO: [IP_Flow 19-234] Refreshing IP repositories
INFO: [IP_Flow 19-1704] No user IP repositories specified
INFO: [IP_Flow 19-2313] Loaded Vivado IP repository 'C:/Xilinx/Vivado/2020.1/data/ip'.
open_project: Time (s): cpu = 00:00:23 ; elapsed = 00:00:08 . Memory (MB): peak = 1013.699 ; gain = 0.000
exit
INFO: [Common 17-206] Exiting Vivado at Wed Jun 23 16:22:12 2021...
